<?xml version="1.0" encoding="utf-8"?>
<testsuite errors="0" failures="0" name="unittest.suite.TestSuite" tests="1" time="103.735"><testcase classname="rostest.runner.RosTest" name="testdarknet_ros_object_detection" time="103.7353" /><system-out>&lt;![CDATA[
[ROSTEST]setup[/home/david/yolocam_catkin_ws/src/darknet_ros/darknet_ros/test/object_detection.test] run_id[e1c7761a-49a0-11e9-ba13-d850e64f36ee] starting
&amp;#x001B;[1mstarted roslaunch server http://amadeo:40799/&amp;#x001B;[0m

SUMMARY
========

PARAMETERS
 * /darknet_ros/actions/camera_reading/name: /darknet_ros/chec...
 * /darknet_ros/config_path: /home/david/yoloc...
 * /darknet_ros/image_view/enable_console_output: True
 * /darknet_ros/image_view/enable_opencv: True
 * /darknet_ros/image_view/wait_key_delay: 600
 * /darknet_ros/publishers/bounding_boxes/latch: False
 * /darknet_ros/publishers/bounding_boxes/queue_size: 1
 * /darknet_ros/publishers/bounding_boxes/topic: /darknet_ros/boun...
 * /darknet_ros/publishers/detection_image/latch: True
 * /darknet_ros/publishers/detection_image/queue_size: 1
 * /darknet_ros/publishers/detection_image/topic: /darknet_ros/dete...
 * /darknet_ros/publishers/object_detector/latch: False
 * /darknet_ros/publishers/object_detector/queue_size: 1
 * /darknet_ros/publishers/object_detector/topic: /darknet_ros/foun...
 * /darknet_ros/subscribers/camera_reading/queue_size: 1
 * /darknet_ros/subscribers/camera_reading/topic: /camera/rgb/image...
 * /darknet_ros/weights_path: /home/david/yoloc...
 * /darknet_ros/yolo_model/config_file/name: yolov2.cfg
 * /darknet_ros/yolo_model/detection_classes/names: ['person', 'bicyc...
 * /darknet_ros/yolo_model/threshold/value: 0.5
 * /darknet_ros/yolo_model/weight_file/name: yolov2.weights
 * /rosdistro: melodic
 * /rosversion: 1.14.3

NODES
  /
    darknet_ros (darknet_ros/darknet_ros)

[ROSTEST]setup[/home/david/yolocam_catkin_ws/src/darknet_ros/darknet_ros/test/object_detection.test] run_id[e1c7761a-49a0-11e9-ba13-d850e64f36ee] done
[ROSTEST]Running test [darknet_ros_object_detection]
&amp;#x001B;[1mROS_MASTER_URI=http://amadeo:44725/&amp;#x001B;[0m
&amp;#x001B;[1msetting /run_id to e1c7761a-49a0-11e9-ba13-d850e64f36ee&amp;#x001B;[0m
&amp;#x001B;[1mprocess[darknet_ros-1]: started with pid [12133]&amp;#x001B;[0m
[ROSTEST]running test darknet_ros_object_detection
&amp;#x001B;[1mprocess[darknet_ros_object_detection-2]: started with pid [12134]&amp;#x001B;[0m
[ROSTEST]test [darknet_ros_object_detection] finished
[ROSTEST]test [darknet_ros_object_detection] results are in [/home/david/yolocam_catkin_ws/build/darknet_ros/test_results/darknet_ros/rosunit-darknet_ros_object_detection.xml]
[ROSTEST]test [darknet_ros_object_detection] results summary: 0 errors, 1 failures, 3 tests
[ROSTEST][ROSTEST] test [darknet_ros_object_detection] done
[ROSTEST]tearDown[/home/david/yolocam_catkin_ws/src/darknet_ros/darknet_ros/test/object_detection.test]
shutting down processing monitor...
... shutting down processing monitor complete
[ROSTEST]rostest teardown /home/david/yolocam_catkin_ws/src/darknet_ros/darknet_ros/test/object_detection.test complete

]]&gt;</system-out><system-err>&lt;![CDATA[
&amp;#x001B;[31m[darknet_ros-1] process has died [pid 12133, exit code 255, cmd /home/david/yolocam_catkin_ws/devel/.private/darknet_ros/lib/darknet_ros/darknet_ros __name:=darknet_ros __log:=/home/david/.ros/log/e1c7761a-49a0-11e9-ba13-d850e64f36ee/darknet_ros-1.log].
log file: /home/david/.ros/log/e1c7761a-49a0-11e9-ba13-d850e64f36ee/darknet_ros-1*.log&amp;#x001B;[0m
&amp;#x001B;[31m[darknet_ros_object_detection-2] process has died [pid 12134, exit code 1, cmd /home/david/yolocam_catkin_ws/devel/.private/darknet_ros/lib/darknet_ros/darknet_ros_object_detection-test --gtest_output=xml:/home/david/yolocam_catkin_ws/build/darknet_ros/test_results/darknet_ros/rosunit-darknet_ros_object_detection.xml __name:=darknet_ros_object_detection __log:=/home/david/.ros/log/e1c7761a-49a0-11e9-ba13-d850e64f36ee/darknet_ros_object_detection-2.log].
log file: /home/david/.ros/log/e1c7761a-49a0-11e9-ba13-d850e64f36ee/darknet_ros_object_detection-2*.log&amp;#x001B;[0m

]]&gt;</system-err></testsuite>