<?xml version="1.0" encoding="UTF-8"?>
<testsuites tests="3" failures="1" disabled="2" errors="0" timestamp="2019-03-18T10:11:34" time="103.478" name="AllTests">
  <testsuite name="ObjectDetection" tests="3" failures="1" disabled="2" errors="0" time="103.478">
    <testcase name="DISABLED_DetectDog" status="notrun" time="0" classname="ObjectDetection" />
    <testcase name="DetectANYmal" status="run" time="103.478" classname="ObjectDetection">
      <failure message="/home/david/yolocam_catkin_ws/src/darknet_ros/darknet_ros/test/ObjectDetection.cpp:170&#x0A;Value of: sendImageToYolo(nodeHandle, pathToTestImage)&#x0A;  Actual: false&#x0A;Expected: true" type=""><![CDATA[/home/david/yolocam_catkin_ws/src/darknet_ros/darknet_ros/test/ObjectDetection.cpp:170
Value of: sendImageToYolo(nodeHandle, pathToTestImage)
  Actual: false
Expected: true]]></failure>
    </testcase>
    <testcase name="DISABLED_DetectPerson" status="notrun" time="0" classname="ObjectDetection" />
  </testsuite>
</testsuites>
